dfs.datanode.data.dir=file://${hadoop.tmp.dir}/dfs/data
dfs.namenode.checkpoint.txns=1000000
s3.replication=3
mapreduce.output.fileoutputformat.compress.type=RECORD
mapreduce.jobtracker.jobhistory.lru.cache.size=5
dfs.datanode.failed.volumes.tolerated=0
hadoop.http.filter.initializers=org.apache.hadoop.http.lib.StaticUserWebFilter
dfs.namenode.top.window.num.buckets=10
mapreduce.cluster.temp.dir=${hadoop.tmp.dir}/mapred/temp
mapreduce.reduce.shuffle.memory.limit.percent=0.25
dfs.namenode.checkpoint.max-retries=3
hadoop.registry.zk.retry.times=5
nfs.mountd.port=4242
dfs.namenode.top.num.users=10
dfs.https.server.keystore.resource=ssl-server.xml
mapreduce.reduce.skip.maxgroups=0
hadoop.http.authentication.kerberos.keytab=${user.home}/hadoop.keytab
yarn.app.mapreduce.task.container.log.backups=0
mapreduce.fileoutputcommitter.algorithm.version=1
dfs.client.block.write.replace-datanode-on-failure.best-effort=false
mapreduce.jobhistory.done-dir=${yarn.app.mapreduce.am.staging-dir}/history/done
ha.failover-controller.new-active.rpc-timeout.ms=60000
mapreduce.framework.name=yarn
ha.health-monitor.check-interval.ms=1000
io.file.buffer.size=4096
mapreduce.shuffle.max.connections=0
dfs.namenode.resource.check.interval=5000
dfs.namenode.path.based.cache.block.map.allocation.percent=0.25
dfs.namenode.checkpoint.period=3600
ipc.client.kill.max=10
dfs.client.mmap.cache.timeout.ms=3600000
mapreduce.jobtracker.taskcache.levels=2
s3.stream-buffer-size=4096
dfs.namenode.secondary.http-address=0.0.0.0:50090
dfs.namenode.decommission.interval=30
yarn.app.mapreduce.client.job.retry-interval=2000
dfs.namenode.http-address=0.0.0.0:50070
mapreduce.task.files.preserve.failedtasks=false
dfs.encrypt.data.transfer=false
dfs.datanode.address=0.0.0.0:50010
dfs.namenode.avoid.write.stale.datanode=false
hadoop.http.authentication.token.validity=36000
hadoop.security.group.mapping.ldap.search.filter.group=(objectClass=group)
dfs.client.failover.max.attempts=15
hadoop.registry.zk.connection.timeout.ms=15000
hadoop.security.crypto.cipher.suite=AES/CTR/NoPadding
mapreduce.task.profile.params=-agentlib:hprof=cpu=samples,heap=sites,force=n,thread=y,verbose=n,file=%s
yarn.app.mapreduce.am.containerlauncher.threadpool-initial-size=10
dfs.namenode.retrycache.expirytime.millis=600000
dfs.client.failover.connection.retries.on.timeouts=0
mapreduce.map.sort.spill.percent=0.80
file.stream-buffer-size=4096
dfs.webhdfs.enabled=true
ipc.client.connection.maxidletime=10000
mapreduce.task.combine.progress.records=10000
mapreduce.jobtracker.persist.jobstatus.hours=1
dfs.datanode.ipc.address=0.0.0.0:50020
dfs.image.transfer.chunksize=65536
mapreduce.jobhistory.recovery.store.fs.uri=${hadoop.tmp.dir}/mapred/history/recoverystore
yarn.app.mapreduce.am.job.task.listener.thread-count=30
nfs.dump.dir=/tmp/.hdfs-nfs
dfs.namenode.list.cache.pools.num.responses=100
mapreduce.job.running.map.limit=0
dfs.client.read.shortcircuit=false
dfs.namenode.safemode.extension=30000
ha.zookeeper.parent-znode=/hadoop-ha
io.skip.checksum.errors=false
dfs.namenode.path.based.cache.refresh.interval.ms=30000
dfs.encrypt.data.transfer.cipher.key.bitlength=128
mapreduce.job.emit-timeline-data=false
hadoop.http.authentication.kerberos.principal=HTTP/_HOST@LOCALHOST
mapreduce.reduce.log.level=INFO
fs.s3.maxRetries=4
hadoop.kerberos.kinit.command=kinit
fs.s3a.fast.buffer.size=1048576
mapreduce.jobtracker.handler.count=10
dfs.namenode.name.dir.restore=false
mapreduce.jobhistory.admin.address=0.0.0.0:10033
yarn.app.mapreduce.client-am.ipc.max-retries=3
dfs.client.use.datanode.hostname=false
dfs.datanode.available-space-volume-choosing-policy.balanced-space-preference-fraction=0.75f
hadoop.util.hash.type=murmur
io.seqfile.lazydecompress=true
dfs.datanode.dns.interface=default
dfs.namenode.lazypersist.file.scrub.interval.sec=300
mapreduce.job.maxtaskfailures.per.tracker=3
mapreduce.tasktracker.healthchecker.script.timeout=600000
hadoop.security.group.mapping.ldap.search.attr.group.name=cn
dfs.namenode.top.enabled=true
fs.df.interval=60000
hadoop.security.crypto.buffer.size=8192
dfs.namenode.kerberos.internal.spnego.principal=${dfs.web.authentication.kerberos.principal}
dfs.client.cached.conn.retry=3
mapreduce.job.reduce.shuffle.consumer.plugin.class=org.apache.hadoop.mapreduce.task.reduce.Shuffle
mapreduce.jobtracker.address=local
mapreduce.tasktracker.tasks.sleeptimebeforesigkill=5000
dfs.journalnode.rpc-address=0.0.0.0:8485
dfs.namenode.fs-limits.max-blocks-per-file=1048576
mapreduce.job.acl-view-job= 
dfs.client.block.write.replace-datanode-on-failure.policy=DEFAULT
yarn.app.mapreduce.am.job.committer.cancel-timeout=60000
mapreduce.shuffle.connection-keep-alive.enable=false
dfs.namenode.replication.interval=3
dfs.namenode.num.checkpoints.retained=2
mapreduce.jobhistory.minicluster.fixed.ports=false
mapreduce.jobhistory.admin.acl=*
mapreduce.tasktracker.http.address=0.0.0.0:50060
dfs.datanode.directoryscan.threads=1
hadoop.security.group.mapping.ldap.ssl=false
mapreduce.reduce.memory.mb=1024
dfs.http.policy=HTTP_ONLY
mapreduce.task.merge.progress.records=10000
dfs.heartbeat.interval=3
fs.s3a.threads.keepalivetime=60
net.topology.script.number.args=100
mapreduce.local.clientfactory.class.name=org.apache.hadoop.mapred.LocalClientFactory
fs.s3a.threads.core=15
dfs.client-write-packet-size=65536
hadoop.security.group.mapping.ldap.directory.search.timeout=10000
io.native.lib.available=true
dfs.client.failover.connection.retries=0
dfs.blocksize=134217728
dfs.client.use.legacy.blockreader.local=false
fs.s3a.connection.ssl.enabled=true
mapreduce.jobhistory.webapp.address=0.0.0.0:19888
hadoop.registry.jaas.context=Client
dfs.blockreport.initialDelay=0
ha.health-monitor.rpc-timeout.ms=45000
mapreduce.reduce.markreset.buffer.percent=0.0
dfs.ha.tail-edits.period=60
file.bytes-per-checksum=512
dfs.replication.max=512
dfs.namenode.max.extra.edits.segments.retained=10000
io.map.index.skip=0
dfs.namenode.decommission.blocks.per.interval=500000
dfs.namenode.decommission.max.concurrent.tracked.nodes=100
mapreduce.task.timeout=600000
dfs.datanode.du.reserved=0
mapreduce.reduce.cpu.vcores=1
ftp.blocksize=67108864
dfs.client.file-block-storage-locations.num-threads=10
ipc.server.listen.queue.size=128
hadoop.ssl.hostname.verifier=DEFAULT
nfs.server.port=2049
mapreduce.tasktracker.dns.interface=default
hadoop.security.group.mapping.ldap.search.attr.member=member
mapreduce.tasktracker.outofband.heartbeat=false
fs.s3a.impl=org.apache.hadoop.fs.s3a.S3AFileSystem
mapreduce.job.userlog.retain.hours=24
hadoop.registry.system.acls=sasl:yarn@, sasl:mapred@, sasl:hdfs@
yarn.app.mapreduce.shuffle.log.separate=true
dfs.webhdfs.user.provider.user.pattern=^[A-Za-z_][A-Za-z0-9._-]*[$]?$
dfs.namenode.delegation.token.renew-interval=86400000
hadoop.ssl.keystores.factory.class=org.apache.hadoop.security.ssl.FileBasedKeyStoresFactory
hadoop.registry.zk.retry.ceiling.ms=60000
dfs.datanode.sync.behind.writes=false
nfs.wtmax=1048576
fs.AbstractFileSystem.har.impl=org.apache.hadoop.fs.HarFs
dfs.client.read.shortcircuit.skip.checksum=false
hadoop.security.random.device.file.path=/dev/urandom
mapreduce.map.maxattempts=4
dfs.datanode.handler.count=10
hadoop.ssl.require.client.cert=false
ftp.client-write-packet-size=65536
dfs.client.write.exclude.nodes.cache.expiry.interval.millis=600000
mapreduce.jobhistory.cleaner.enable=true
fs.du.interval=600000
mapreduce.reduce.shuffle.retry-delay.max.ms=60000
mapreduce.task.profile.reduces=0-2
ha.health-monitor.connect-retry-interval.ms=1000
hadoop.fuse.connection.timeout=300
dfs.permissions.superusergroup=supergroup
mapreduce.jobtracker.jobhistory.task.numberprogresssplits=12
fs.ftp.host.port=21
mapreduce.map.speculative=true
dfs.namenode.startup.delay.block.deletion.sec=0
mapreduce.client.submit.file.replication=10
dfs.datanode.data.dir.perm=700
s3native.blocksize=67108864
dfs.block.scanner.volume.bytes.per.second=1048576
mapreduce.job.ubertask.maxmaps=9
dfs.namenode.replication.min=1
mapreduce.cluster.acls.enabled=false
hadoop.security.uid.cache.secs=14400
nfs.allow.insecure.ports=true
fs.trash.checkpoint.interval=0
map.sort.class=org.apache.hadoop.util.QuickSort
dfs.namenode.blocks.per.postponedblocks.rescan=10000
dfs.image.transfer.timeout=60000
dfs.namenode.name.dir=file://${hadoop.tmp.dir}/dfs/name
yarn.app.mapreduce.am.staging-dir=/tmp/hadoop-yarn/staging
ipc.client.connect.timeout=20000
fs.AbstractFileSystem.file.impl=org.apache.hadoop.fs.local.LocalFs
hadoop.registry.zk.retry.interval.ms=1000
dfs.image.compression.codec=org.apache.hadoop.io.compress.DefaultCodec
mapreduce.job.reduces=1
mapreduce.jobhistory.recovery.store.class=org.apache.hadoop.mapreduce.v2.hs.HistoryServerFileSystemStateStoreService
mapreduce.job.complete.cancel.delegation.tokens=true
hadoop.security.group.mapping.ldap.search.filter.user=(&(objectClass=user)(sAMAccountName={0}))
dfs.namenode.enable.retrycache=true
mapreduce.jobhistory.joblist.cache.size=20000
mapreduce.jobhistory.recovery.store.leveldb.path=${hadoop.tmp.dir}/mapred/history/recoverystore
mapreduce.tasktracker.healthchecker.interval=60000
mapreduce.jobtracker.heartbeats.in.second=100
mapreduce.jobtracker.persist.jobstatus.dir=/jobtracker/jobsInfo
dfs.namenode.backup.http-address=0.0.0.0:50105
hadoop.rpc.protection=authentication
dfs.client.mmap.enabled=true
yarn.app.mapreduce.am.container.log.backups=0
dfs.namenode.https-address=0.0.0.0:50470
ftp.stream-buffer-size=4096
mapreduce.job.counters.limit=120
dfs.ha.log-roll.period=120
hadoop.security.groups.negative-cache.secs=30
dfs.namenode.top.windows.minutes=1,5,25
dfs.datanode.fsdatasetcache.max.threads.per.volume=4
file.client-write-packet-size=65536
hadoop.http.authentication.simple.anonymous.allowed=true
dfs.datanode.drop.cache.behind.reads=false
dfs.image.transfer.bandwidthPerSec=0
hadoop.registry.zk.session.timeout.ms=60000
dfs.datanode.slow.io.warning.threshold.ms=300
ha.failover-controller.cli-check.rpc-timeout.ms=20000
mapreduce.tasktracker.instrumentation=org.apache.hadoop.mapred.TaskTrackerMetricsInst
hadoop.security.groups.cache.warn.after.ms=5000
dfs.namenode.write.stale.datanode.ratio=0.5f
mapreduce.reduce.shuffle.fetch.retry.timeout-ms=30000
mapreduce.jobhistory.client.thread-count=10
io.mapfile.bloom.size=1048576
dfs.ha.fencing.ssh.connect-timeout=30000
hadoop.registry.zk.root=/registry
s3.bytes-per-checksum=512
yarn.app.mapreduce.am.container.log.limit.kb=0
dfs.namenode.edit.log.autoroll.check.interval.ms=300000
fs.automatic.close=true
fs.trash.interval=0
dfs.journalnode.https-address=0.0.0.0:8481
hadoop.security.authentication=simple
fs.defaultFS=hdfs://localhost:8020
nfs.rtmax=1048576
ipc.client.connect.max.retries=10
hadoop.ssl.server.conf=ssl-server.xml
dfs.namenode.xattrs.enabled=true
dfs.journalnode.http-address=0.0.0.0:8480
dfs.datanode.shared.file.descriptor.paths=/dev/shm,/tmp
mapreduce.jobtracker.taskscheduler=org.apache.hadoop.mapred.JobQueueTaskScheduler
mapreduce.output.fileoutputformat.compress=false
dfs.user.home.dir.prefix=/user
net.topology.node.switch.mapping.impl=org.apache.hadoop.net.ScriptBasedMapping
dfs.namenode.replication.considerLoad=true
dfs.namenode.fs-limits.min-block-size=1048576
fs.swift.impl=org.apache.hadoop.fs.swift.snative.SwiftNativeFileSystem
fs.s3a.fast.upload=false
dfs.namenode.audit.loggers=default
mapreduce.reduce.shuffle.fetch.retry.enabled=${yarn.nodemanager.recovery.enabled}
mapreduce.job.max.split.locations=10
dfs.client.block.write.retries=3
dfs.short.circuit.shared.memory.watcher.interrupt.check.ms=60000
dfs.namenode.resource.checked.volumes.minimum=1
io.map.index.interval=128
yarn.app.mapreduce.shuffle.log.limit.kb=0
mapred.child.java.opts=-Xmx200m
mapreduce.tasktracker.local.dir.minspacestart=0
mapreduce.client.progressmonitor.pollinterval=1000
dfs.client.https.keystore.resource=ssl-client.xml
mapreduce.task.profile.map.params=${mapreduce.task.profile.params}
mapreduce.job.queuename=default
mapreduce.jobtracker.tasktracker.maxblacklists=4
fs.s3a.connection.establish.timeout=5000
hadoop.registry.zk.quorum=localhost:2181
yarn.app.mapreduce.client-am.ipc.max-retries-on-timeouts=3
io.mapfile.bloom.error.rate=0.005
mapreduce.job.split.metainfo.maxsize=10000000
yarn.app.mapreduce.am.resource.mb=1536
dfs.datanode.dns.nameserver=default
dfs.client.slow.io.warning.threshold.ms=30000
mapreduce.job.reducer.preempt.delay.sec=0
mapreduce.map.output.compress.codec=org.apache.hadoop.io.compress.DefaultCodec
dfs.namenode.accesstime.precision=3600000
fs.s3a.connection.maximum=15
mapreduce.map.log.level=INFO
io.seqfile.compress.blocksize=1000000
mapreduce.tasktracker.taskcontroller=org.apache.hadoop.mapred.DefaultTaskController
dfs.namenode.heartbeat.recheck-interval=300000
hadoop.security.groups.cache.secs=300
dfs.datanode.cache.revocation.timeout.ms=900000
dfs.client.context=default
mapreduce.input.lineinputformat.linespermap=1
mapreduce.job.end-notification.max.attempts=5
mapreduce.jobhistory.recovery.enable=false
mapreduce.jobtracker.expire.trackers.interval=600000
hadoop.security.kms.client.encrypted.key.cache.num.refill.threads=2
mapreduce.jobhistory.loadedjobs.cache.size=5
mapreduce.job.map.output.collector.class=org.apache.hadoop.mapred.MapTask$MapOutputBuffer
hadoop.security.authorization=false
mapreduce.am.max-attempts=2
fs.ftp.host=0.0.0.0
fs.s3a.attempts.maximum=10
yarn.app.mapreduce.am.scheduler.heartbeat.interval-ms=1000
mapreduce.ifile.readahead=true
ha.zookeeper.session-timeout.ms=5000
mapreduce.tasktracker.taskmemorymanager.monitoringinterval=5000
mapreduce.reduce.shuffle.parallelcopies=5
mapreduce.map.skip.maxrecords=0
dfs.client.mmap.retry.timeout.ms=300000
dfs.namenode.avoid.read.stale.datanode=false
mapreduce.reduce.shuffle.read.timeout=180000
dfs.namenode.list.encryption.zones.num.responses=100
mapreduce.output.fileoutputformat.compress.codec=org.apache.hadoop.io.compress.DefaultCodec
mapreduce.jobtracker.instrumentation=org.apache.hadoop.mapred.JobTrackerMetricsInst
dfs.blockreport.intervalMsec=21600000
ipc.client.connect.retry.interval=1000
mapreduce.reduce.speculative=true
mapreduce.jobhistory.keytab=/etc/security/keytab/jhs.service.keytab
mapreduce.jobhistory.datestring.cache.size=200000
dfs.datanode.balance.bandwidthPerSec=1048576
file.blocksize=67108864
mapreduce.map.cpu.vcores=1
mapreduce.tasktracker.local.dir.minspacekill=0
mapreduce.jobtracker.staging.root.dir=${hadoop.tmp.dir}/mapred/staging
mapreduce.jobtracker.retiredjobs.cache.size=1000
hadoop.registry.rm.enabled=false
ipc.client.connect.max.retries.on.timeouts=45
hadoop.security.crypto.codec.classes.aes.ctr.nopadding=org.apache.hadoop.crypto.OpensslAesCtrCryptoCodec,org.apache.hadoop.crypto.JceAesCtrCryptoCodec
ha.zookeeper.acl=world:anyone:rwcda
mapreduce.app-submission.cross-platform=false
mapreduce.reduce.shuffle.connect.timeout=180000
rpc.metrics.quantile.enable=false
dfs.block.access.key.update.interval=600
dfs.block.access.token.lifetime=600
mapreduce.job.end-notification.retry.attempts=0
dfs.namenode.fs-limits.max-xattrs-per-inode=32
mapreduce.jobtracker.system.dir=${hadoop.tmp.dir}/mapred/system
dfs.client.file-block-storage-locations.timeout.millis=1000
mapreduce.jobtracker.jobhistory.block.size=3145728
mapreduce.tasktracker.indexcache.mb=10
dfs.namenode.checkpoint.check.period=60
dfs.client.block.write.replace-datanode-on-failure.enable=true
mapred.job.tracker=localhost:8021
dfs.datanode.directoryscan.interval=21600
net.topology.impl=org.apache.hadoop.net.NetworkTopology
fs.s3a.multipart.purge.age=86400
fs.s3a.threads.max=256
hadoop.security.java.secure.random.algorithm=SHA1PRNG
dfs.default.chunk.view.size=32768
fs.s3a.multipart.threshold=2147483647
mapreduce.job.reduce.slowstart.completedmaps=0.05
hadoop.security.instrumentation.requires.admin=false
io.compression.codec.bzip2.library=system-native
hadoop.http.authentication.signature.secret.file=${user.home}/hadoop-http-auth-signature-secret
hadoop.registry.secure=false
dfs.namenode.safemode.min.datanodes=0
mapreduce.reduce.maxattempts=4
dfs.datanode.https.address=0.0.0.0:50475
s3native.replication=3
dfs.namenode.path.based.cache.retry.interval.ms=30000
dfs.namenode.inotify.max.events.per.rpc=1000
dfs.datanode.cache.revocation.polling.ms=500
mapreduce.reduce.skip.proc.count.autoincr=true
file.replication=1
mapreduce.jobhistory.cleaner.interval-ms=86400000
hadoop.hdfs.configuration.version=1
ipc.client.idlethreshold=4000
hadoop.tmp.dir=/tmp/hadoop-${user.name}
mapreduce.jobtracker.restart.recover=false
mapreduce.jobhistory.address=0.0.0.0:10020
mapreduce.cluster.local.dir=${hadoop.tmp.dir}/mapred/local
mapreduce.job.speculative.retry-after-no-speculate=1000
dfs.namenode.reject-unresolved-dn-topology-mapping=false
dfs.namenode.delegation.key.update-interval=86400000
dfs.client.read.shortcircuit.streams.cache.expiry.ms=300000
fs.s3.buffer.dir=${hadoop.tmp.dir}/s3
dfs.namenode.support.allow.format=true
mapreduce.map.memory.mb=1024
dfs.namenode.edit.log.autoroll.multiplier.threshold=2.0
yarn.app.mapreduce.client.job.max-retries=0
hadoop.work.around.non.threadsafe.getpwuid=false
mapreduce.task.profile.reduce.params=${mapreduce.task.profile.params}
dfs.ha.automatic-failover.enabled=false
dfs.namenode.stale.datanode.interval=30000
dfs.namenode.edits.noeditlogchannelflush=false
mapreduce.shuffle.transfer.buffer.size=131072
mapreduce.jobtracker.persist.jobstatus.active=true
ha.health-monitor.sleep-after-disconnect.ms=1000
dfs.namenode.checkpoint.edits.dir=${dfs.namenode.checkpoint.dir}
hadoop.rpc.socket.factory.class.default=org.apache.hadoop.net.StandardSocketFactory
fs.AbstractFileSystem.ftp.impl=org.apache.hadoop.fs.ftp.FtpFs
dfs.datanode.http.address=0.0.0.0:50075
mapreduce.task.profile=false
mapreduce.jobhistory.move.interval-ms=180000
fs.s3a.max.total.tasks=1000
dfs.namenode.edits.dir=${dfs.namenode.name.dir}
dfs.storage.policy.enabled=true
hadoop.security.kms.client.encrypted.key.cache.size=500
hadoop.fuse.timer.period=5
mapreduce.jobhistory.http.policy=HTTP_ONLY
mapreduce.jobhistory.intermediate-done-dir=${yarn.app.mapreduce.am.staging-dir}/history/done_intermediate
yarn.app.mapreduce.am.hard-kill-timeout-ms=10000
mapreduce.map.skip.proc.count.autoincr=true
fs.AbstractFileSystem.viewfs.impl=org.apache.hadoop.fs.viewfs.ViewFs
mapreduce.job.speculative.slowtaskthreshold=1.0
s3native.stream-buffer-size=4096
dfs.secondary.namenode.kerberos.internal.spnego.principal=${dfs.web.authentication.kerberos.principal}
dfs.datanode.available-space-volume-choosing-policy.balanced-space-threshold=10737418240
fs.s3n.multipart.uploads.block.size=67108864
dfs.namenode.safemode.threshold-pct=0.999f
mapreduce.ifile.readahead.bytes=4194304
ipc.client.fallback-to-simple-auth-allowed=false
fs.har.impl.disable.cache=true
s3native.bytes-per-checksum=512
mapreduce.job.committer.setup.cleanup.needed=true
fs.s3a.paging.maximum=5000
yarn.app.mapreduce.am.job.committer.commit-window=10000
hadoop.http.authentication.type=simple
dfs.client.failover.sleep.base.millis=500
hadoop.jetty.logs.serve.aliases=true
ha.failover-controller.graceful-fence.rpc-timeout.ms=5000
mapreduce.reduce.shuffle.input.buffer.percent=0.70
mapreduce.job.running.reduce.limit=0
dfs.datanode.max.transfer.threads=4096
mapreduce.reduce.merge.inmem.threshold=1000
mapreduce.task.io.sort.mb=100
dfs.namenode.acls.enabled=false
hadoop.security.kms.client.authentication.retry-count=1
dfs.namenode.handler.count=10
dfs.namenode.retrycache.heap.percent=0.03f
hadoop.ssl.client.conf=ssl-client.xml
mapreduce.client.completion.pollinterval=5000
yarn.app.mapreduce.client.max-retries=3
hadoop.ssl.enabled=false
fs.AbstractFileSystem.hdfs.impl=org.apache.hadoop.fs.Hdfs
fs.client.resolve.remote.symlinks=true
mapreduce.tasktracker.reduce.tasks.maximum=2
mapreduce.client.genericoptionsparser.used=true
mapreduce.reduce.input.buffer.percent=0.0
fs.s3a.multipart.purge=false
yarn.app.mapreduce.am.command-opts=-Xmx1024m
dfs.namenode.invalidate.work.pct.per.iteration=0.32f
dfs.bytes-per-checksum=512
dfs.replication=1
mapreduce.shuffle.ssl.file.buffer.size=65536
dfs.datanode.block.id.layout.upgrade.threads=12
dfs.namenode.list.cache.directives.num.responses=100
dfs.permissions.enabled=true
mapreduce.jobtracker.maxtasks.perjob=-1
dfs.datanode.scan.period.hours=504
dfs.datanode.use.datanode.hostname=false
mapreduce.task.userlog.limit.kb=0
dfs.namenode.fs-limits.max-directory-items=1048576
hadoop.security.kms.client.encrypted.key.cache.low-watermark=0.3f
fs.s3a.buffer.dir=${hadoop.tmp.dir}/s3a
s3.client-write-packet-size=65536
hadoop.user.group.static.mapping.overrides=dr.who=;
mapreduce.shuffle.max.threads=0
hadoop.security.kms.client.encrypted.key.cache.expiry=43200000
dfs.client.failover.sleep.max.millis=15000
mapreduce.job.maps=2
dfs.namenode.fs-limits.max-component-length=255
hadoop.ssl.enabled.protocols=TLSv1
mapreduce.map.output.compress=false
s3.blocksize=67108864
dfs.namenode.edits.journal-plugin.qjournal=org.apache.hadoop.hdfs.qjournal.client.QuorumJournalManager
dfs.namenode.datanode.registration.ip-hostname-check=true
dfs.client.https.need-auth=false
dfs.client.short.circuit.replica.stale.threshold.ms=1800000
mapreduce.jobhistory.max-age-ms=604800000
ftp.replication=3
dfs.blockreport.split.threshold=1000000
dfs.namenode.secondary.https-address=0.0.0.0:50091
mapreduce.input.fileinputformat.split.minsize=0
fs.s3n.block.size=67108864
mapreduce.job.token.tracking.ids.enabled=false
yarn.app.mapreduce.shuffle.log.backups=0
dfs.namenode.num.extra.edits.retained=1000000
hadoop.http.staticuser.user=dr.who
mapreduce.jobhistory.move.thread-count=3
mapreduce.job.jvm.numtasks=1
fs.s3a.multipart.size=104857600
mapreduce.task.profile.maps=0-2
dfs.datanode.max.locked.memory=0
dfs.cachereport.intervalMsec=10000
mapreduce.shuffle.port=13562
mapreduce.shuffle.connection-keep-alive.timeout=5
mapreduce.reduce.shuffle.merge.percent=0.66
mapreduce.jobtracker.http.address=0.0.0.0:50030
mapreduce.task.skip.start.attempts=2
mapreduce.task.io.sort.factor=10
dfs.namenode.checkpoint.dir=file://${hadoop.tmp.dir}/dfs/namesecondary
mapreduce.job.speculative.retry-after-speculate=15000
nfs.exports.allowed.hosts=* rw
tfile.fs.input.buffer.size=262144
ipc.server.max.connections=0
tfile.io.chunk.size=1048576
fs.s3.block.size=67108864
fs.s3n.multipart.copy.block.size=5368709120
mapreduce.job.speculative.speculative-cap-total-tasks=0.01
io.serializations=org.apache.hadoop.io.serializer.WritableSerialization,org.apache.hadoop.io.serializer.avro.AvroSpecificSerialization,org.apache.hadoop.io.serializer.avro.AvroReflectSerialization
mapreduce.jobhistory.principal=jhs/_HOST@REALM.TLD
mapreduce.reduce.shuffle.fetch.retry.interval-ms=1000
mapreduce.job.end-notification.retry.interval=1000
mapreduce.job.speculative.minimum-allowed-tasks=10
dfs.namenode.backup.address=0.0.0.0:50100
fs.s3n.multipart.uploads.enabled=false
io.seqfile.sorter.recordlimit=1000000
dfs.block.access.token.enable=false
s3native.client-write-packet-size=65536
hadoop.security.group.mapping=org.apache.hadoop.security.JniBasedUnixGroupsMappingWithFallback
dfs.namenode.fs-limits.max-xattr-size=16384
ftp.bytes-per-checksum=512
dfs.client.domain.socket.data.traffic=false
dfs.client.read.shortcircuit.streams.cache.size=256
fs.s3a.connection.timeout=50000
dfs.datanode.block-pinning.enabled=false
mapreduce.job.end-notification.max.retry.interval=5000
mapreduce.input.fileinputformat.list-status.num-threads=1
dfs.client.mmap.cache.size=256
mapreduce.tasktracker.map.tasks.maximum=2
dfs.namenode.max.objects=0
dfs.namenode.kerberos.principal.pattern=*
dfs.namenode.delegation.token.max-lifetime=604800000
mapreduce.job.classloader=false
mapreduce.tasktracker.dns.nameserver=default
dfs.datanode.hdfs-blocks-metadata.enabled=false
dfs.datanode.readahead.bytes=4194304
dfs.image.compress=false
mapreduce.job.ubertask.maxreduces=1
mapreduce.shuffle.ssl.enabled=false
mapreduce.tasktracker.report.address=127.0.0.1:0
mapreduce.tasktracker.http.threads=40
dfs.stream-buffer-size=4096
tfile.fs.output.buffer.size=262144
fs.permissions.umask-mode=022
dfs.client.datanode-restart.timeout=30
dfs.namenode.resource.du.reserved=104857600
io.bytes.per.checksum=512
ha.failover-controller.graceful-fence.connection.retries=1
mapreduce.job.speculative.speculative-cap-running-tasks=0.1
dfs.datanode.drop.cache.behind.writes=false
yarn.app.mapreduce.am.resource.cpu-vcores=1
hadoop.common.configuration.version=0.23.0
mapreduce.job.ubertask.enable=false
dfs.namenode.replication.work.multiplier.per.iteration=2
mapreduce.job.acl-modify-job= 
io.seqfile.local.dir=${hadoop.tmp.dir}/io/local
fs.s3.sleepTimeSeconds=10
mapreduce.client.output.filter=FAILED
